Containers:
  [+] MainContainer:
   |            ID: 0x0000000000000000
   |        Bounds: IsValid=false, Min=(X=0.000 Y=0.000 Z=0.000), Max=(X=0.000 Y=0.000 Z=0.000)
   |     Transform: 0.000000,0.000000,0.000000|0.000000,0.000000,-0.000000|1.000000,1.000000,1.000000
   |     Container: /Game/FirstPerson/Maps/FirstPersonMap
   |  ActorDescs:
   |      - Guid:0543C62B4C7BFD907B8102AF25DC1393 Class:StaticMeshActor Name:StaticMeshActor_UAID_C894026957F0170A01_1513533772 SpatiallyLoaded:true Bounds:IsValid=true, Min=(X=1080.000 Y=-3880.000 Z=-910.000), Max=(X=2455.000 Y=-2855.000 Z=-860.000) RuntimeGrid:None EditorOnly:false LevelBoundsRelevant:true HLODRelevant:true FolderPath:Playground FolderGuid:6C02BB504B69D1F3D7A624B130C18E5B Parent:00000000000000000000000000000000
   |      - Guid:1106A06244C914D42A48AA9B58E5ECE2 Class:StaticMeshActor Name:StaticMeshActor_UAID_C894026957F0170A01_1376918768 SpatiallyLoaded:true Bounds:IsValid=true, Min=(X=-68.682 Y=12.382 Z=-50.000), Max=(X=1121.769 Y=270.000 Z=1575.000) RuntimeGrid:None EditorOnly:false LevelBoundsRelevant:true HLODRelevant:true FolderPath:Playground FolderGuid:6C02BB504B69D1F3D7A624B130C18E5B Parent:00000000000000000000000000000000
   |      - Guid:428DC3EF4F84E96F72310D9484B30E5A Class:StaticMeshActor Name:StaticMeshActor_UAID_C894026957F0170A01_1357811767 SpatiallyLoaded:true Bounds:IsValid=true, Min=(X=60.000 Y=2363.015 Z=-50.000), Max=(X=2896.179 Y=3436.060 Z=1600.000) RuntimeGrid:None EditorOnly:false LevelBoundsRelevant:true HLODRelevant:true FolderPath:Playground FolderGuid:6C02BB504B69D1F3D7A624B130C18E5B Parent:00000000000000000000000000000000
   |      - Guid:5FE7584649BB6F09265329A6C57CFD0D Class:VolumetricCloud Name:VolumetricCloud_0 SpatiallyLoaded:false Bounds:IsValid=true, Min=(X=0.000 Y=0.000 Z=820.000), Max=(X=0.000 Y=0.000 Z=820.000) RuntimeGrid:None EditorOnly:false LevelBoundsRelevant:false HLODRelevant:false FolderPath:Lighting FolderGuid:0BA5F0A04EADB18E70D5B180D08FA34B Parent:00000000000000000000000000000000
   |      - Guid:61391D344900612A77DFC3BA3E354907 Class:ExponentialHeightFog Name:ExponentialHeightFog_0 SpatiallyLoaded:false Bounds:IsValid=true, Min=(X=-5600.000 Y=-50.000 Z=-6850.000), Max=(X=-5600.000 Y=-50.000 Z=-6850.000) RuntimeGrid:None EditorOnly:false LevelBoundsRelevant:false HLODRelevant:false FolderPath:Lighting FolderGuid:0BA5F0A04EADB18E70D5B180D08FA34B Parent:00000000000000000000000000000000
   |      - Guid:6FEFB3BD4EB37B849EF0D4AC80F83855 Class:WorldDataLayers Name:WorldDataLayers SpatiallyLoaded:false Bounds:IsValid=true, Min=(X=0.000 Y=0.000 Z=0.000), Max=(X=0.000 Y=0.000 Z=0.000) RuntimeGrid:None EditorOnly:false LevelBoundsRelevant:false HLODRelevant:false FolderPath:None FolderGuid:00000000000000000000000000000000 Parent:00000000000000000000000000000000
   |      - Guid:78CAF7514C7533F30BD2F19A017AAB65 Class:StaticMeshActor Name:StaticMeshActor_0 SpatiallyLoaded:true Bounds:IsValid=true, Min=(X=0.000 Y=0.000 Z=-50.000), Max=(X=3000.000 Y=3500.000 Z=0.000) RuntimeGrid:None EditorOnly:false LevelBoundsRelevant:true HLODRelevant:true FolderPath:Playground FolderGuid:6C02BB504B69D1F3D7A624B130C18E5B Parent:00000000000000000000000000000000
   |      - Guid:85292A754DC24EA18A0F2C9CADCFA82F Class:StaticMeshActor Name:StaticMeshActor_UAID_C894026957F0170A01_1472136770 SpatiallyLoaded:true Bounds:IsValid=true, Min=(X=1080.000 Y=-1845.000 Z=-910.000), Max=(X=2455.000 Y=-932.324 Z=-354.199) RuntimeGrid:None EditorOnly:false LevelBoundsRelevant:true HLODRelevant:true FolderPath:Playground FolderGuid:6C02BB504B69D1F3D7A624B130C18E5B Parent:00000000000000000000000000000000
   |      - Guid:A354B1B24E617A525DC6B48CCDE2417E Class:PlayerStart Name:PlayerStart_0 SpatiallyLoaded:false Bounds:IsValid=true, Min=(X=790.000 Y=1770.000 Z=0.013), Max=(X=870.000 Y=1850.000 Z=184.013) RuntimeGrid:None EditorOnly:false LevelBoundsRelevant:true HLODRelevant:false FolderPath:None FolderGuid:00000000000000000000000000000000 Parent:00000000000000000000000000000000
   |      - Guid:AAE442EA42F1580A558BF88E16BCF68E Class:StaticMeshActor Name:StaticMeshActor_UAID_C894026957F0170A01_1501700771 SpatiallyLoaded:true Bounds:IsValid=true, Min=(X=1080.000 Y=-2860.000 Z=-910.000), Max=(X=2455.000 Y=-1835.000 Z=-860.000) RuntimeGrid:None EditorOnly:false LevelBoundsRelevant:true HLODRelevant:true FolderPath:Playground FolderGuid:6C02BB504B69D1F3D7A624B130C18E5B Parent:00000000000000000000000000000000
   |      - Guid:C0C56B9644AE3D40CAFF6A878DB29844 Class:StaticMeshActor Name:StaticMeshActor_UAID_A4AE111137DC5EFB00_2001720423 SpatiallyLoaded:true Bounds:IsValid=true, Min=(X=-1638400.000 Y=-1638400.000 Z=-1638400.000), Max=(X=1638400.000 Y=1638400.000 Z=1638400.000) RuntimeGrid:None EditorOnly:false LevelBoundsRelevant:true HLODRelevant:true FolderPath:Lighting FolderGuid:0BA5F0A04EADB18E70D5B180D08FA34B Parent:00000000000000000000000000000000
   |      - Guid:C22CE07C4B87D685137FDBBC10FC92C6 Class:SkyAtmosphere Name:SkyAtmosphere_0 SpatiallyLoaded:false Bounds:IsValid=true, Min=(X=0.000 Y=0.000 Z=1020.000), Max=(X=0.000 Y=0.000 Z=1020.000) RuntimeGrid:None EditorOnly:false LevelBoundsRelevant:false HLODRelevant:false FolderPath:Lighting FolderGuid:0BA5F0A04EADB18E70D5B180D08FA34B Parent:00000000000000000000000000000000
   |      - Guid:CE8D82634660FCDB3120E2B8D547C533 Class:PostProcessVolume Name:PostProcessVolume_0 SpatiallyLoaded:false Bounds:IsValid=true, Min=(X=0.000 Y=0.000 Z=400.000), Max=(X=200.000 Y=200.000 Z=600.000) RuntimeGrid:None EditorOnly:false LevelBoundsRelevant:false HLODRelevant:false FolderPath:Lighting FolderGuid:0BA5F0A04EADB18E70D5B180D08FA34B Parent:00000000000000000000000000000000
   |      - Guid:E5320C1B4FD9764CE7B54D8487AEC613 Class:SkyLight Name:SkyLight_0 SpatiallyLoaded:false Bounds:IsValid=true, Min=(X=0.000 Y=0.000 Z=690.000), Max=(X=0.000 Y=0.000 Z=690.000) RuntimeGrid:None EditorOnly:false LevelBoundsRelevant:false HLODRelevant:false FolderPath:Lighting FolderGuid:0BA5F0A04EADB18E70D5B180D08FA34B Parent:00000000000000000000000000000000
   |      - Guid:ED250BCB48796693A131A78BD4722EBF Class:StaticMeshActor Name:StaticMeshActor_UAID_C894026957F0170A01_1424323769 SpatiallyLoaded:true Bounds:IsValid=true, Min=(X=1080.000 Y=-957.101 Z=-400.000), Max=(X=2455.000 Y=23.185 Z=-2.445) RuntimeGrid:None EditorOnly:false LevelBoundsRelevant:true HLODRelevant:true FolderPath:Playground FolderGuid:6C02BB504B69D1F3D7A624B130C18E5B Parent:00000000000000000000000000000000
   |      - Guid:F80621C9446867154938FE81375207DA Class:DirectionalLight Name:DirectionalLight_1 SpatiallyLoaded:false Bounds:IsValid=true, Min=(X=-1048576.000 Y=-1048576.000 Z=-1048576.000), Max=(X=1048576.000 Y=1048576.000 Z=1048576.000) RuntimeGrid:None EditorOnly:false LevelBoundsRelevant:false HLODRelevant:false FolderPath:Lighting FolderGuid:0BA5F0A04EADB18E70D5B180D08FA34B Parent:00000000000000000000000000000000
